<?xml version="1.0" encoding="UTF-8"?>
<!-- Generated by org.testng.reporters.JUnitXMLReporter -->
<testsuite ignored="0" hostname="Windows7-VM" failures="1" tests="1" name="Test" time="51.986" errors="0" timestamp="11 Oct 2018 23:11:44 GMT">
  <testcase classname="Tests.UserSignUpTestWithDDTAndExcelFile" name="UserSignUpTestSuccedded" time="51.11">
    <failure type="java.lang.AssertionError" message="expected [true] but found [false]">
      <![CDATA[java.lang.AssertionError: expected [true] but found [false]
at Tests.UserSignUpTestWithDDTAndExcelFile.UserSignUpTestSuccedded(UserSignUpTestWithDDTAndExcelFile.java:39)
... Removed 29 stack frames]]>
    </failure>
  </testcase> <!-- UserSignUpTestSuccedded -->
</testsuite> <!-- Test -->
